Build started 10/05/2015 21:04:27.
     1>Project "D:\Github\zeroRepository\ModTextureGtaSa\ModTextureGtaSa\ModTextureGtaSa.vcxproj" on node 2 (Build target(s)).
     1>ClCompile:
         C:\Program Files (x86)\Microsoft Visual Studio 12.0\VC\bin\CL.exe /c /ZI /nologo /W3 /WX- /sdl /Od /Oy- /D WIN32 /D _WINDOWS /D _DEBUG /D _USRDLL /D _WINDLL /D _UNICODE /D UNICODE /D _AFXDLL /Gm /EHsc /RTC1 /MDd /GS /fp:precise /Zc:wchar_t /Zc:forScope /Yc"stdafx.h" /Fp"Debug\ModTextureGtaSa.pch" /Fo"Debug\\" /Fd"Debug\vc120.pdb" /Gd /TP /analyze- /errorReport:prompt stdafx.cpp
         stdafx.cpp
         C:\Program Files (x86)\Microsoft Visual Studio 12.0\VC\bin\CL.exe /c /ZI /nologo /W3 /WX- /sdl /Od /Oy- /D WIN32 /D _WINDOWS /D _DEBUG /D _USRDLL /D _WINDLL /D _UNICODE /D UNICODE /D _AFXDLL /Gm /EHsc /RTC1 /MDd /GS /fp:precise /Zc:wchar_t /Zc:forScope /Yu"stdafx.h" /Fp"Debug\ModTextureGtaSa.pch" /Fo"Debug\\" /Fd"Debug\vc120.pdb" /Gd /TP /analyze- /errorReport:prompt ModTextureGtaSa.cpp
         ModTextureGtaSa.cpp
     1>d:\github\zerorepository\modtexturegtasa\modtexturegtasa\modtexturegtasa.cpp(7): warning C4005: 'DLLIMPORT' : macro redefinition
                 d:\github\zerorepository\modtexturegtasa\modtexturegtasa\modtexturegtasa.cpp(5) : see previous definition of 'DLLIMPORT'
     1>d:\github\zerorepository\modtexturegtasa\modtexturegtasa\modtexturegtasa.cpp(10): warning C4627: '#include "plugin\plugin.h"': skipped when looking for precompiled header use
                 Add directive to 'stdafx.h' or rebuild precompiled header
     1>d:\github\zerorepository\modtexturegtasa\modtexturegtasa\modtexturegtasa.cpp(11): warning C4627: '#include "game_sa\common.h"': skipped when looking for precompiled header use
                 Add directive to 'stdafx.h' or rebuild precompiled header
     1>d:\github\zerorepository\modtexturegtasa\modtexturegtasa\modtexturegtasa.cpp(12): warning C4627: '#include "game_sa\CTimer.h"': skipped when looking for precompiled header use
                 Add directive to 'stdafx.h' or rebuild precompiled header
     1>d:\github\zerorepository\modtexturegtasa\modtexturegtasa\modtexturegtasa.cpp(13): warning C4627: '#include "D3D9Headers\d3dx9tex.h"': skipped when looking for precompiled header use
                 Add directive to 'stdafx.h' or rebuild precompiled header
     1>C:\Program Files (x86)\MSBuild\Microsoft.Cpp\v4.0\V120\Microsoft.CppCommon.targets(341,5): error MSB6006: "CL.exe" exited with code 2.
     1>d:\github\zerorepository\modtexturegtasa\modtexturegtasa\modtexturegtasa.cpp(30): fatal error C1010: unexpected end of file while looking for precompiled header. Did you forget to add '#include "stdafx.h"' to your source?
     1>Done Building Project "D:\Github\zeroRepository\ModTextureGtaSa\ModTextureGtaSa\ModTextureGtaSa.vcxproj" (Build target(s)) -- FAILED.

Build FAILED.

Time Elapsed 00:00:09.17
